  Moc'ing SeanProgressBar.h...
  系统找不到指定的路径。
  Moc'ing ccommondialog.h...
  系统找不到指定的路径。
  Moc'ing OcImageLoader.h...
  系统找不到指定的路径。
  Moc'ing SeanPptProgressWdg.h...
  系统找不到指定的路径。
  Moc'ing ToolBar.h...
  系统找不到指定的路径。
  Moc'ing WdgDocShare.h...
  系统找不到指定的路径。
  Moc'ing SeanTestWdg.h...
  系统找不到指定的路径。
  Moc'ing qupfile.h...
  系统找不到指定的路径。
  Moc'ing ConvertDocThread.h...
  系统找不到指定的路径。
  Moc'ing DlgApplyAdmin.h...
  系统找不到指定的路径。
  Moc'ing AboutWidget.h...
  系统找不到指定的路径。
  Moc'ing WdgNetInfo.h...
  系统找不到指定的路径。
  Moc'ing LabelNetInfo.h...
  系统找不到指定的路径。
  Moc'ing MeetingRoomWordWdg.h...
  系统找不到指定的路径。
  Moc'ing MeetingDetailDelegate.h...
  系统找不到指定的路径。
  Moc'ing SeanThread.h...
  系统找不到指定的路径。
  Moc'ing DlgAVSetting.h...
  系统找不到指定的路径。
  Moc'ing ModifyPassWord.h...
  系统找不到指定的路径。
  Moc'ing SeanAnimation.h...
  系统找不到指定的路径。
  Moc'ing SeanGifWdg.h...
  系统找不到指定的路径。
  Moc'ing SeanButton.h...
  系统找不到指定的路径。
  Moc'ing videomonitormain.h...
  系统找不到指定的路径。
  Moc'ing ChatListModel.h...
  系统找不到指定的路径。
  Moc'ing ChatListModelDelegate.h...
  系统找不到指定的路径。
  Moc'ing ServerAddressSet.h...
  系统找不到指定的路径。
  Moc'ing VoiceTestWdg.h...
  系统找不到指定的路径。
  Moc'ing SpekerTestWdg.h...
  系统找不到指定的路径。
  Moc'ing MicTestWdg.h...
  系统找不到指定的路径。
  Moc'ing MeetingLoadingWidget.h...
  系统找不到指定的路径。
  Moc'ing ButtonDelegate.h...
  系统找不到指定的路径。
  Moc'ing Meetinglistmodel.h...
  系统找不到指定的路径。
  Moc'ing Meetinglistwdg.h...
  系统找不到指定的路径。
  Moc'ing SeanTableViewDelegate.h...
  系统找不到指定的路径。
  Moc'ing VideoMgr.h...
  系统找不到指定的路径。
  Moc'ing VideoWin.h...
  系统找不到指定的路径。
  Moc'ing CListItemDelegate.h...
  系统找不到指定的路径。
  Moc'ing CListModel.h...
  系统找不到指定的路径。
  Moc'ing LeftWdg.h...
  系统找不到指定的路径。
  Moc'ing RoomWdg.h...
  系统找不到指定的路径。
  Moc'ing UserLoginWdg.h...
  系统找不到指定的路径。
  Moc'ing RoomSelectWdg.h...
  系统找不到指定的路径。
  Moc'ing eventcenter.h...
  系统找不到指定的路径。
  Moc'ing ccommonwidget.h...
  系统找不到指定的路径。
  Rcc'ing Resources\Default.qrc...
  系统找不到指定的路径。
  Uic'ing login\RoomSelectWdg.ui...
  系统找不到指定的路径。
  Uic'ing login\UserLoginWdg.ui...
  系统找不到指定的路径。
  Uic'ing MeetingListModel\Meetinglistwdg.ui...
  系统找不到指定的路径。
  Uic'ing login\ServerAddressSet.ui...
  系统找不到指定的路径。
  Uic'ing MeetingListModel\MeetingRoomWordWdg.ui...
  系统找不到指定的路径。
  Uic'ing DocShare\SeanPptProgressWdg.ui...
  系统找不到指定的路径。
  Uic'ing DocShare\SeanTestWdg.ui...
  系统找不到指定的路径。
  Uic'ing Room\RoomWdg.ui...
  系统找不到指定的路径。
  Uic'ing Room\LeftWdg.ui...
  系统找不到指定的路径。
  Uic'ing VoiceTestGuide\MicTestWdg.ui...
  系统找不到指定的路径。
  Uic'ing VoiceTestGuide\SpekerTestWdg.ui...
  系统找不到指定的路径。
  Uic'ing VoiceTestGuide\VoiceTestWdg.ui...
  系统找不到指定的路径。
  Uic'ing Setting\DlgAVSetting.ui...
  系统找不到指定的路径。
  Uic'ing Room\DlgApplyAdmin.ui...
  系统找不到指定的路径。
  Uic'ing Setting\AboutWidget.ui...
  系统找不到指定的路径。
  Uic'ing Setting\ModifyPassWord.ui...
  系统找不到指定的路径。
  Uic'ing Setting\SeanAnimation.ui...
  系统找不到指定的路径。
  Uic'ing Setting\SeanGifWdg.ui...
  系统找不到指定的路径。
  Uic'ing VideoMonitor\videomonitormain.ui...
  系统找不到指定的路径。
C:\Program Files (x86)\Microsoft Visual Studio\2017\Community\Common7\IDE\VC\VCTargets\Microsoft.CppCommon.targets(171,5): error MSB6006: “cmd.exe”已退出，代码为 3。
